Checking whether the ASM compiler is GNU using "--version" did not match "(GNU assembler)|(GCC)|(Free Software Foundation)":
Microsoft (R) C/C++ Optimizing Compiler Version 19.16.27038 for x86
Copyright (C) Microsoft Corporation.  All rights reserved.

cl : Command line warning D9002 : ignoring unknown option '--version'
cl : Command line error D8003 : missing source filename
Checking whether the ASM compiler is Clang using "--version" did not match "(clang version)":
Microsoft (R) C/C++ Optimizing Compiler Version 19.16.27038 for x86
Copyright (C) Microsoft Corporation.  All rights reserved.

cl : Command line warning D9002 : ignoring unknown option '--version'
cl : Command line error D8003 : missing source filename
Checking whether the ASM compiler is AppleClang using "--version" did not match "(Apple LLVM version)":
Microsoft (R) C/C++ Optimizing Compiler Version 19.16.27038 for x86
Copyright (C) Microsoft Corporation.  All rights reserved.

cl : Command line warning D9002 : ignoring unknown option '--version'
cl : Command line error D8003 : missing source filename
Checking whether the ASM compiler is HP using "-V" did not match "HP C":
Microsoft (R) C/C++ Optimizing Compiler Version 19.16.27038 for x86
Copyright (C) Microsoft Corporation.  All rights reserved.

cl : Command line error D8004 : '/V' requires an argument
Checking whether the ASM compiler is Intel using "--version" did not match "(ICC)":
Microsoft (R) C/C++ Optimizing Compiler Version 19.16.27038 for x86
Copyright (C) Microsoft Corporation.  All rights reserved.

cl : Command line warning D9002 : ignoring unknown option '--version'
cl : Command line error D8003 : missing source filename
Checking whether the ASM compiler is SunPro using "-V" did not match "Sun C":
Microsoft (R) C/C++ Optimizing Compiler Version 19.16.27038 for x86
Copyright (C) Microsoft Corporation.  All rights reserved.

cl : Command line error D8004 : '/V' requires an argument
Checking whether the ASM compiler is XL using "-qversion" did not match "XL C":
Microsoft (R) C/C++ Optimizing Compiler Version 19.16.27038 for x86
Copyright (C) Microsoft Corporation.  All rights reserved.

cl : Command line warning D9002 : ignoring unknown option '-qversion'
cl : Command line error D8003 : missing source filename
Performing C SOURCE FILE Test HAVE_LD_VERSION_SCRIPT failed with the following output:
Change Dir: C:/Development/op3d_active/libpng-1.6.37/msvc/CMakeFiles/CMakeTmp

Run Build Command(s):C:/Program Files (x86)/Microsoft Visual Studio/2017/Enterprise/MSBuild/15.0/Bin/MSBuild.exe cmTC_35d47.vcxproj /p:Configuration=Debug /p:Platform=Win32 /p:VisualStudioVersion=15.0 /v:m 
Microsoft (R) Build Engine version 15.9.21+g9802d43bc3 for .NET Framework
Copyright (C) Microsoft Corporation. All rights reserved.

  Microsoft (R) C/C++ Optimizing Compiler Version 19.16.27038 for x86
  Copyright (C) Microsoft Corporation.  All rights reserved.
  
  cl /c /I"C:\Program Files (x86)\Visual Leak Detector\include" /Zi /W3 /WX- /diagnostics:classic /Od /Ob0 /Oy- /D WIN32 /D _WINDOWS /D HAVE_LD_VERSION_SCRIPT /D "CMAKE_INTDIR=\"Debug\"" /D _MBCS /Gm- /RTC1 /MDd /GS /fp:precise /Zc:wchar_t /Zc:forScope /Zc:inline /Fo"cmTC_35d47.dir\Debug\\" /Fd"cmTC_35d47.dir\Debug\vc141.pdb" /Gd /TC /analyze- /errorReport:queue  "-Wl,--version-script='C:/Development/op3d_active/libpng-1.6.37/msvc/conftest.map'" "C:\Development\op3d_active\libpng-1.6.37\msvc\CMakeFiles\CMakeTmp\src.c"
cl : Command line error D8021: invalid numeric argument '/Wl,--version-script='C:/Development/op3d_active/libpng-1.6.37/msvc/conftest.map'' [C:\Development\op3d_active\libpng-1.6.37\msvc\CMakeFiles\CMakeTmp\cmTC_35d47.vcxproj]

Source file was:
void sym(void) {}
void sym2(void) {}
int main(void) {return 0;}

Performing C SOURCE FILE Test HAVE_SOLARIS_LD_VERSION_SCRIPT failed with the following output:
Change Dir: C:/Development/op3d_active/libpng-1.6.37/msvc/CMakeFiles/CMakeTmp

Run Build Command(s):C:/Program Files (x86)/Microsoft Visual Studio/2017/Enterprise/MSBuild/15.0/Bin/MSBuild.exe cmTC_8839d.vcxproj /p:Configuration=Debug /p:Platform=Win32 /p:VisualStudioVersion=15.0 /v:m 
Microsoft (R) Build Engine version 15.9.21+g9802d43bc3 for .NET Framework
Copyright (C) Microsoft Corporation. All rights reserved.

  Microsoft (R) C/C++ Optimizing Compiler Version 19.16.27038 for x86
  Copyright (C) Microsoft Corporation.  All rights reserved.
  
  cl /c /I"C:\Program Files (x86)\Visual Leak Detector\include" /Zi /W3 /WX- /diagnostics:classic /Od /Ob0 /Oy- /D WIN32 /D _WINDOWS /D HAVE_SOLARIS_LD_VERSION_SCRIPT /D "CMAKE_INTDIR=\"Debug\"" /D _MBCS /Gm- /RTC1 /MDd /GS /fp:precise /Zc:wchar_t /Zc:forScope /Zc:inline /Fo"cmTC_8839d.dir\Debug\\" /Fd"cmTC_8839d.dir\Debug\vc141.pdb" /Gd /TC /analyze- /errorReport:queue  -Wl,-M -Wl,C:/Development/op3d_active/libpng-1.6.37/msvc/conftest.map "C:\Development\op3d_active\libpng-1.6.37\msvc\CMakeFiles\CMakeTmp\src.c"
cl : Command line error D8021: invalid numeric argument '/Wl,-M' [C:\Development\op3d_active\libpng-1.6.37\msvc\CMakeFiles\CMakeTmp\cmTC_8839d.vcxproj]

Source file was:
void sym(void) {}
void sym2(void) {}
int main(void) {return 0;}

